2018-01-08 07:53:04 Error: [Cake\Database\Exception] SQLSTATE[42S02]: Base table or view not found: 1146 Table 'educare.educator' doesn't exist in /home/pasqleo/educare/educare/vendor/cakephp/cakephp/src/Database/Schema/Collection.php on line 131
Stack Trace:
#0 /home/pasqleo/educare/educare/vendor/cakephp/cakephp/src/Database/Schema/Collection.php(97): Cake\Database\Schema\Collection->_reflect('Column', 'educator', Array, Object(Cake\Database\Schema\TableSchema))
#1 /home/pasqleo/educare/educare/vendor/cakephp/cakephp/src/Database/Schema/CachedCollection.php(63): Cake\Database\Schema\Collection->describe('educator', Array)
#2 /home/pasqleo/educare/educare/vendor/cakephp/cakephp/src/ORM/Table.php(532): Cake\Database\Schema\CachedCollection->describe('educator')
#3 /home/pasqleo/educare/educare/vendor/cakephp/cakephp/src/ORM/Table.php(653): Cake\ORM\Table->getSchema()
#4 /home/pasqleo/educare/educare/vendor/cakephp/bake/src/Shell/Task/ModelTask.php(220): Cake\ORM\Table->getPrimaryKey()
#5 /home/pasqleo/educare/educare/vendor/cakephp/bake/src/Shell/Task/ModelTask.php(130): Bake\Shell\Task\ModelTask->getAssociations(Object(Cake\ORM\Table))
#6 /home/pasqleo/educare/educare/vendor/cakephp/bake/src/Shell/Task/ModelTask.php(113): Bake\Shell\Task\ModelTask->getTableContext(Object(Cake\ORM\Table), 'educator', 'Educator')
#7 /home/pasqleo/educare/educare/vendor/cakephp/bake/src/Shell/Task/ModelTask.php(100): Bake\Shell\Task\ModelTask->bake('Educator')
#8 /home/pasqleo/educare/educare/vendor/cakephp/cakephp/src/Console/Shell.php(507): Bake\Shell\Task\ModelTask->main('educator')
#9 /home/pasqleo/educare/educare/vendor/cakephp/cakephp/src/Console/Shell.php(500): Cake\Console\Shell->runCommand(Array, false, Array)
#10 /home/pasqleo/educare/educare/vendor/cakephp/cakephp/src/Console/CommandRunner.php(141): Cake\Console\Shell->runCommand(Array, true)
#11 /home/pasqleo/educare/educare/bin/cake.php(12): Cake\Console\CommandRunner->run(Array)
#12 {main}


2018-01-08 07:53:35 Error: [Cake\Database\Exception] SQLSTATE[42S02]: Base table or view not found: 1146 Table 'educare.educators' doesn't exist in /home/pasqleo/educare/educare/vendor/cakephp/cakephp/src/Database/Schema/Collection.php on line 131
Stack Trace:
#0 /home/pasqleo/educare/educare/vendor/cakephp/cakephp/src/Database/Schema/Collection.php(97): Cake\Database\Schema\Collection->_reflect('Column', 'educators', Array, Object(Cake\Database\Schema\TableSchema))
#1 /home/pasqleo/educare/educare/vendor/cakephp/cakephp/src/Database/Schema/CachedCollection.php(63): Cake\Database\Schema\Collection->describe('educators', Array)
#2 /home/pasqleo/educare/educare/vendor/cakephp/cakephp/src/ORM/Table.php(532): Cake\Database\Schema\CachedCollection->describe('educators')
#3 /home/pasqleo/educare/educare/vendor/cakephp/cakephp/src/ORM/Table.php(653): Cake\ORM\Table->getSchema()
#4 /home/pasqleo/educare/educare/vendor/cakephp/bake/src/Shell/Task/ModelTask.php(220): Cake\ORM\Table->getPrimaryKey()
#5 /home/pasqleo/educare/educare/vendor/cakephp/bake/src/Shell/Task/ModelTask.php(130): Bake\Shell\Task\ModelTask->getAssociations(Object(Cake\ORM\Table))
#6 /home/pasqleo/educare/educare/vendor/cakephp/bake/src/Shell/Task/ModelTask.php(113): Bake\Shell\Task\ModelTask->getTableContext(Object(Cake\ORM\Table), 'educators', 'Educators')
#7 /home/pasqleo/educare/educare/vendor/cakephp/bake/src/Shell/Task/ModelTask.php(100): Bake\Shell\Task\ModelTask->bake('Educators')
#8 /home/pasqleo/educare/educare/vendor/cakephp/cakephp/src/Console/Shell.php(507): Bake\Shell\Task\ModelTask->main('educators')
#9 /home/pasqleo/educare/educare/vendor/cakephp/cakephp/src/Console/Shell.php(500): Cake\Console\Shell->runCommand(Array, false, Array)
#10 /home/pasqleo/educare/educare/vendor/cakephp/cakephp/src/Console/CommandRunner.php(141): Cake\Console\Shell->runCommand(Array, true)
#11 /home/pasqleo/educare/educare/bin/cake.php(12): Cake\Console\CommandRunner->run(Array)
#12 {main}


